<?xml version="1.0" encoding="UTF-8"?>
<testng-results ignored="0" total="1" passed="1" failed="0" skipped="0">
  <reporter-output>
  </reporter-output>
  <suite started-at="2024-08-07T17:00:09 IST" name="Default suite" finished-at="2024-08-07T17:00:11 IST" duration-ms="2517">
    <groups>
    </groups>
    <test started-at="2024-08-07T17:00:09 IST" name="Default test" finished-at="2024-08-07T17:00:11 IST" duration-ms="2517">
      <class name="actualCode.oauth">
        <test-method signature="Poauth()[pri:0, instance:actualCode.oauth@72e5a8e]" started-at="2024-08-07T17:00:09 IST" name="Poauth" finished-at="2024-08-07T17:00:11 IST" duration-ms="2482" status="PASS">
          <reporter-output>
          </reporter-output>
        </test-method> <!-- Poauth -->
      </class> <!-- actualCode.oauth -->
    </test> <!-- Default test -->
  </suite> <!-- Default suite -->
</testng-results>
